<?xml version="1.0" encoding="UTF-8"?>
<testsuite name="Login Test"
           tests="2"
           failures="0"
           errors="0"
           skipped="0"
           time="12.825">
  <properties />
  
  
            <testcase name="verifyProductAddedToShoppingCartSuccessFully" time="11.079" classname="com.tutorialsninja.testsuite.DesktopsTest" />
                <testcase name="verifyProductArrangeInAlphaBaticalOrder" time="1.746" classname="com.tutorialsninja.testsuite.DesktopsTest" />
      
</testsuite>
